#
# There is insufficient memory for the Java Runtime Environment to continue.
# Native memory allocation (mmap) failed to map 528482304 bytes for G1 virtual space
# Possible reasons:
#   The system is out of physical RAM or swap space
#   The process is running with CompressedOops enabled, and the Java Heap may be blocking the growth of the native heap
# Possible solutions:
#   Reduce memory load on the system
#   Increase physical memory or swap space
#   Check if swap backing store is full
#   Decrease Java heap size (-Xmx/-Xms)
#   Decrease number of Java threads
#   Decrease Java thread stack sizes (-Xss)
#   Set larger code cache with -XX:ReservedCodeCacheSize=
#   JVM is running with Zero Based Compressed Oops mode in which the Java heap is
#     placed in the first 32GB address space. The Java Heap base address is the
#     maximum limit for the native heap growth. Please use -XX:HeapBaseMinAddress
#     to set the Java Heap base and to place the Java Heap above 32GB virtual address.
# This output file may be truncated or incomplete.
#
#  Out of Memory Error (os_windows.cpp:3769), pid=33064, tid=32304
#
# JRE version:  (17.0.6+1) (build )
# Java VM: OpenJDK 64-Bit Server VM (17.0.6+1-b653.34, mixed mode, sharing, tiered, compressed oops, compressed class ptrs, g1 gc, windows-amd64)
# No core dump will be written. Minidumps are not enabled by default on client versions of Windows
#

---------------  S U M M A R Y ------------

Command Line: externalApp.nativessh.NativeSshAskPassApp Enter passphrase for key '/c/Users/yignatev/.ssh/id_rsa': 

Host: AMD Ryzen 5 5600U with Radeon Graphics         , 12 cores, 31G,  Windows 10 , 64 bit Build 19041 (10.0.19041.4597)
Time: Wed Aug  7 22:37:10 2024 RTZ 2 (s 10 , 64 bit Build 19041 (10.0.19041.4597) elapsed time: 0.009546 seconds (0d 0h 0m 0s)

---------------  T H R E A D  ---------------

Current thread (0x000002001db35c90):  JavaThread "Unknown thread" [_thread_in_vm, id=32304, stack(0x000000b2f0000000,0x000000b2f0100000)]

Stack: [0x000000b2f0000000,0x000000b2f0100000]
Native frames: (J=compiled Java code, j=interpreted, Vv=VM code, C=native code)
V  [jvm.dll+0x683b4a]
V  [jvm.dll+0x842654]
V  [jvm.dll+0x843dfe]
V  [jvm.dll+0x844463]
V  [jvm.dll+0x249b75]
V  [jvm.dll+0x680a19]
V  [jvm.dll+0x674f0a]
V  [jvm.dll+0x309acb]
V  [jvm.dll+0x310f86]
V  [jvm.dll+0x3608ee]
V  [jvm.dll+0x360b1f]
V  [jvm.dll+0x2dfbf8]
V  [jvm.dll+0x2e0b64]
V  [jvm.dll+0x813f41]
V  [jvm.dll+0x36e6a1]
V  [jvm.dll+0x7f347c]
V  [jvm.dll+0x3f0e8f]
V  [jvm.dll+0x3f29d1]
C  [jli.dll+0x526b]
C  [ucrtbase.dll+0x21bb2]
C  [KERNEL32.DLL+0x17374]
C  [ntdll.dll+0x4cc91]


---------------  P R O C E S S  ---------------

Threads class SMR info:
_java_thread_list=0x00007ff9cae8c058, length=0, elements={
}

Java Threads: ( => current thread )

Other Threads:
  0x000002001dbddd30 GCTaskThread "GC Thread#0" [stack: 0x000000b2f0100000,0x000000b2f0200000] [id=21856]
  0x000002001dbee700 ConcurrentGCThread "G1 Main Marker" [stack: 0x000000b2f0200000,0x000000b2f0300000] [id=32628]
  0x000002001dbef8b0 ConcurrentGCThread "G1 Conc#0" [stack: 0x000000b2f0300000,0x000000b2f0400000] [id=21180]

[error occurred during error reporting (printing all threads), id 0xc0000005, EXCEPTION_ACCESS_VIOLATION (0xc0000005) at pc=0x00007ff9ca640797]

VM state: not at safepoint (not fully initialized)

VM Mutex/Monitor currently owned by a thread:  ([mutex/lock_event])
[0x000002001db346c0] Heap_lock - owner thread: 0x000002001db35c90

Heap address: 0x000000060ac00000, size: 8020 MB, Compressed Oops mode: Zero based, Oop shift amount: 3

CDS archive(s) mapped at: [0x0000000000000000-0x0000000000000000-0x0000000000000000), size 0, SharedBaseAddress: 0x0000000800000000, ArchiveRelocationMode: 0.
Narrow klass base: 0x0000000000000000, Narrow klass shift: 0, Narrow klass range: 0x0

GC Precious Log:
<Empty>

Heap:
 garbage-first heap   total 0K, used 0K [0x000000060ac00000, 0x0000000800000000)
  region size 4096K, 0 young (0K), 0 survivors (0K)

[error occurred during error reporting (printing heap information), id 0xc0000005, EXCEPTION_ACCESS_VIOLATION (0xc0000005) at pc=0x00007ff9caa2d939]

GC Heap History (0 events):
No events

Dll operation events (1 events):
Event: 0.005 Loaded shared library C:\Program Files\JetBrains\ideaIU-2022.3.3\jbr\bin\java.dll

Deoptimization events (0 events):
No events

Classes unloaded (0 events):
No events

Classes redefined (0 events):
No events

Internal exceptions (0 events):
No events

VM Operations (0 events):
No events

Events (0 events):
No events


Dynamic libraries:
0x00007ff6679f0000 - 0x00007ff6679fa000 	C:\Program Files\JetBrains\ideaIU-2022.3.3\jbr\bin\java.exe
0x00007ffa08390000 - 0x00007ffa08588000 	C:\WINDOWS\SYSTEM32\ntdll.dll
0x00007ffa076a0000 - 0x00007ffa07761000 	C:\WINDOWS\System32\KERNEL32.DLL
0x00007ffa05c50000 - 0x00007ffa05f46000 	C:\WINDOWS\System32\KERNELBASE.dll
0x00007ffa05f50000 - 0x00007ffa06050000 	C:\WINDOWS\System32\ucrtbase.dll
0x00007ff9f3780000 - 0x00007ff9f3797000 	C:\Program Files\JetBrains\ideaIU-2022.3.3\jbr\bin\jli.dll
0x00007ff9ee090000 - 0x00007ff9ee0ab000 	C:\Program Files\JetBrains\ideaIU-2022.3.3\jbr\bin\VCRUNTIME140.dll
0x00007ffa073b0000 - 0x00007ffa0754f000 	C:\WINDOWS\System32\USER32.dll
0x00007ffa05c20000 - 0x00007ffa05c42000 	C:\WINDOWS\System32\win32u.dll
0x00007ffa07300000 - 0x00007ffa0732b000 	C:\WINDOWS\System32\GDI32.dll
0x00007ffa05b00000 - 0x00007ffa05c17000 	C:\WINDOWS\System32\gdi32full.dll
0x00007ffa05a60000 - 0x00007ffa05afd000 	C:\WINDOWS\System32\msvcp_win.dll
0x00007ff9eb530000 - 0x00007ff9eb7ca000 	C:\WINDOWS\WinSxS\amd64_microsoft.windows.common-controls_6595b64144ccf1df_6.0.19041.4355_none_60b8b9eb71f62e16\COMCTL32.dll
0x00007ffa069d0000 - 0x00007ffa06a6e000 	C:\WINDOWS\System32\msvcrt.dll
0x00007ffa07770000 - 0x00007ffa0779f000 	C:\WINDOWS\System32\IMM32.DLL
0x00007ffa02b00000 - 0x00007ffa02b0c000 	C:\Program Files\JetBrains\ideaIU-2022.3.3\jbr\bin\vcruntime140_1.dll
0x00007ff9cc4a0000 - 0x00007ff9cc52d000 	C:\Program Files\JetBrains\ideaIU-2022.3.3\jbr\bin\msvcp140.dll
0x00007ff9ca350000 - 0x00007ff9cafbd000 	C:\Program Files\JetBrains\ideaIU-2022.3.3\jbr\bin\server\jvm.dll
0x00007ffa071e0000 - 0x00007ffa07290000 	C:\WINDOWS\System32\ADVAPI32.dll
0x00007ffa06680000 - 0x00007ffa06720000 	C:\WINDOWS\System32\sechost.dll
0x00007ffa07dc0000 - 0x00007ffa07ee3000 	C:\WINDOWS\System32\RPCRT4.dll
0x00007ffa06050000 - 0x00007ffa06077000 	C:\WINDOWS\System32\bcrypt.dll
0x00007ff9e8840000 - 0x00007ff9e8849000 	C:\WINDOWS\SYSTEM32\WSOCK32.dll
0x00007ff9f4ae0000 - 0x00007ff9f4b07000 	C:\WINDOWS\SYSTEM32\WINMM.dll
0x00007ff9fd5a0000 - 0x00007ff9fd5aa000 	C:\WINDOWS\SYSTEM32\VERSION.dll
0x00007ffa07290000 - 0x00007ffa072fb000 	C:\WINDOWS\System32\WS2_32.dll
0x00007ffa04130000 - 0x00007ffa04142000 	C:\WINDOWS\SYSTEM32\kernel.appcore.dll
0x00007ffa02b10000 - 0x00007ffa02b1a000 	C:\Program Files\JetBrains\ideaIU-2022.3.3\jbr\bin\jimage.dll
0x00007ffa03600000 - 0x00007ffa037e4000 	C:\WINDOWS\SYSTEM32\DBGHELP.DLL
0x00007ff9e7f60000 - 0x00007ff9e7f94000 	C:\WINDOWS\SYSTEM32\dbgcore.DLL
0x00007ffa061e0000 - 0x00007ffa06262000 	C:\WINDOWS\System32\bcryptPrimitives.dll
0x00007ffa003a0000 - 0x00007ffa003c5000 	C:\Program Files\JetBrains\ideaIU-2022.3.3\jbr\bin\java.dll

dbghelp: loaded successfully - version: 4.0.5 - missing functions: none
symbol engine: initialized successfully - sym options: 0x614 - pdb path: .;C:\Program Files\JetBrains\ideaIU-2022.3.3\jbr\bin;C:\WINDOWS\SYSTEM32;C:\WINDOWS\WinSxS\amd64_microsoft.windows.common-controls_6595b64144ccf1df_6.0.19041.4355_none_60b8b9eb71f62e16;C:\Program Files\JetBrains\ideaIU-2022.3.3\jbr\bin\server

VM Arguments:
java_command: externalApp.nativessh.NativeSshAskPassApp Enter passphrase for key '/c/Users/yignatev/.ssh/id_rsa': 
java_class_path (initial): C:/Program Files/JetBrains/ideaIU-2022.3.3/lib/externalProcess-rt.jar;C:/Program Files/JetBrains/ideaIU-2022.3.3/lib/app.jar;C:/Program Files/JetBrains/ideaIU-2022.3.3/lib/3rd-party-rt.jar
Launcher Type: SUN_STANDARD

[Global flags]
     intx CICompilerCount                          = 4                                         {product} {ergonomic}
     uint ConcGCThreads                            = 3                                         {product} {ergonomic}
     uint G1ConcRefinementThreads                  = 10                                        {product} {ergonomic}
   size_t G1HeapRegionSize                         = 4194304                                   {product} {ergonomic}
    uintx GCDrainStackTargetSize                   = 64                                        {product} {ergonomic}
   size_t InitialHeapSize                          = 528482304                                 {product} {ergonomic}
   size_t MarkStackSize                            = 4194304                                   {product} {ergonomic}
   size_t MaxHeapSize                              = 8409579520                                {product} {ergonomic}
   size_t MinHeapDeltaBytes                        = 4194304                                   {product} {ergonomic}
   size_t MinHeapSize                              = 8388608                                   {product} {ergonomic}
    uintx NonNMethodCodeHeapSize                   = 5839372                                {pd product} {ergonomic}
    uintx NonProfiledCodeHeapSize                  = 122909434                              {pd product} {ergonomic}
    uintx ProfiledCodeHeapSize                     = 122909434                              {pd product} {ergonomic}
    uintx ReservedCodeCacheSize                    = 251658240                              {pd product} {ergonomic}
     bool SegmentedCodeCache                       = true                                      {product} {ergonomic}
   size_t SoftMaxHeapSize                          = 8409579520                             {manageable} {ergonomic}
     bool UseCompressedClassPointers               = true                           {product lp64_product} {ergonomic}
     bool UseCompressedOops                        = true                           {product lp64_product} {ergonomic}
     bool UseG1GC                                  = true                                      {product} {ergonomic}
     bool UseLargePagesIndividualAllocation        = false                                  {pd product} {ergonomic}

Logging:
Log output configuration:
 #0: stdout all=warning uptime,level,tags
 #1: stderr all=off uptime,level,tags

Environment Variables:
JAVA_HOME=C:\JAVA\JDK12\
PATH=C:\Program Files\Git\mingw64\libexec\git-core;C:\Program Files\Git\mingw64\bin;C:\Program Files\Git\usr\bin;C:\Users\yignatev\bin;C:\Program Files (x86)\Common Files\Oracle\Java\javapath;C:\Program Files (x86)\Python37-32\Scripts;C:\Program Files (x86)\Python37-32;C:\app\oracle\product\12c\bin;C:\WINDOWS\system32;C:\WINDOWS;C:\WINDOWS\System32\Wbem;C:\WINDOWS\System32\WindowsPowerShell\v1.0;C:\WINDOWS\System32\OpenSSH;C:\Program Files\PuTTY;C:\Program Files\Microsoft SQL Server\110\Tools\Binn;C:\Program Files\TortoiseSVN\bin;C:\Program Files\TortoiseGit\bin;C:\Program Files\Git\cmd;C:\Program Files (x86)\WinMerge;C:\Program Files\Docker\Docker\resources\bin;C:\Users\yignatev\AppData\Local\Microsoft\WindowsApps;C:\Program Files\JetBrains\IntelliJ IDEA 2023.3.2\bin;C:\Users\yignatev\AppData\Local\Programs\Microsoft VS Code\bin
USERNAME=yignatev
DISPLAY=:0.0
LC_ALL=en_US.UTF-8
TERM=cygwin
TMPDIR=C:\Users\yignatev\AppData\Local\Temp
OS=Windows_NT
PROCESSOR_IDENTIFIER=AMD64 Family 25 Model 80 Stepping 0, AuthenticAMD
TMP=C:\Users\yignatev\AppData\Local\Temp
TEMP=C:\Users\yignatev\AppData\Local\Temp



---------------  S Y S T E M  ---------------

OS:
 Windows 10 , 64 bit Build 19041 (10.0.19041.4597)
OS uptime: 3 days 13:36 hours
Hyper-V role detected

CPU: total 12 (initial active 12) (12 cores per cpu, 2 threads per core) family 25 model 80 stepping 0 microcode 0x0, cx8, cmov, fxsr, ht, mmx, 3dnowpref, sse, sse2, sse3, ssse3, sse4a, sse4.1, sse4.2, popcnt, lzcnt, tsc, tscinvbit, avx, avx2, aes, erms, clmul, bmi1, bmi2, adx, sha, fma, vzeroupper, clflush, clflushopt, hv

Memory: 4k page, system-wide physical 32065M (11610M free)
TotalPageFile size 33089M (AvailPageFile size 402M)
current process WorkingSet (physical memory assigned to process): 10M, peak: 10M
current process commit charge ("private bytes"): 64M, peak: 568M

vm_info: OpenJDK 64-Bit Server VM (17.0.6+1-b653.34) for windows-amd64 JRE (17.0.6+1-b653.34), built on 2023-02-24 by "builduser" with MS VC++ 16.10 / 16.11 (VS2019)

END.
